app/build/intermediates/manifest_merge_blame_file/debug/manifest-merger-blame-debug-report.txt
1<?xml version="1.0" encoding="utf-8"?>
2<manifest xmlns:android="http://schemas.android.com/apk/res/android"
3    package="com.thoughtpearl.conveyance"
4    android:versionCode="1"
5    android:versionName="1.0.1" >
6
7    <uses-sdk
8        android:minSdkVersion="24"
9        android:targetSdkVersion="33" />
10
11    <uses-permission android:name="android.permission.INTERNET" />
11-->src/main/AndroidManifest.xml:5:5-67
11-->src/main/AndroidManifest.xml:5:22-64
12    <uses-permission android:name="android.permission.ACCESS_FINE_LOCATION" />
12-->src/main/AndroidManifest.xml:6:5-79
12-->src/main/AndroidManifest.xml:6:22-76
13    <uses-permission android:name="android.permission.ACCESS_COARSE_LOCATION" />
13-->src/main/AndroidManifest.xml:7:5-81
13-->src/main/AndroidManifest.xml:7:22-78
14    <uses-permission android:name="android.permission.FOREGROUND_SERVICE" />
14-->src/main/AndroidManifest.xml:8:5-77
14-->src/main/AndroidManifest.xml:8:22-74
15    <uses-permission android:name="android.permission.ACCESS_BACKGROUND_LOCATION" />
15-->src/main/AndroidManifest.xml:9:5-85
15-->src/main/AndroidManifest.xml:9:22-82
16    <uses-permission android:name="android.permission.CAMERA" />
16-->src/main/AndroidManifest.xml:10:5-65
16-->src/main/AndroidManifest.xml:10:22-62
17    <uses-permission
17-->src/main/AndroidManifest.xml:11:5-12:38
18        android:name="android.permission.MANAGE_EXTERNAL_STORAGE"
18-->src/main/AndroidManifest.xml:11:22-79
19        android:maxSdkVersion="28" />
19-->src/main/AndroidManifest.xml:12:9-35
20    <uses-permission android:name="android.permission.READ_EXTERNAL_STORAGE" />
20-->src/main/AndroidManifest.xml:13:5-80
20-->src/main/AndroidManifest.xml:13:22-77
21    <uses-permission android:name="android.permission.WRITE_EXTERNAL_STORAGE" />
21-->src/main/AndroidManifest.xml:14:5-80
21-->src/main/AndroidManifest.xml:14:22-78
22    <uses-permission android:name="android.permission.ACCESS_NETWORK_STATE" />
22-->src/main/AndroidManifest.xml:15:5-79
22-->src/main/AndroidManifest.xml:15:22-76
23    <uses-permission android:name="android.permission.READ_MEDIA_IMAGES" />
23-->src/main/AndroidManifest.xml:16:5-76
23-->src/main/AndroidManifest.xml:16:22-73
24    <uses-permission android:name="android.permission.POST_NOTIFICATIONS" />
24-->src/main/AndroidManifest.xml:17:5-76
24-->src/main/AndroidManifest.xml:17:22-74
25
26    <uses-feature
26-->src/main/AndroidManifest.xml:19:5-21:35
27        android:name="android.hardware.camera.any"
27-->src/main/AndroidManifest.xml:20:9-51
28        android:required="true" />
28-->src/main/AndroidManifest.xml:21:9-32
29    <uses-feature
29-->src/main/AndroidManifest.xml:22:5-24:36
30        android:name="android.hardware.camera.autofocus"
30-->src/main/AndroidManifest.xml:23:9-57
31        android:required="false" />
31-->src/main/AndroidManifest.xml:24:9-33
32
33    <queries>
33-->src/main/AndroidManifest.xml:26:5-30:15
34        <intent>
34-->src/main/AndroidManifest.xml:27:9-29:18
35            <action android:name="android.media.action.IMAGE_CAPTURE" />
35-->src/main/AndroidManifest.xml:28:13-73
35-->src/main/AndroidManifest.xml:28:21-70
36        </intent>
37        <!-- Needs to be explicitly declared on Android R+ -->
38        <package android:name="com.google.android.apps.maps" />
38-->[com.google.android.gms:play-services-maps:18.0.2] AndroidManifest.xml:33:9-64
38-->[com.google.android.gms:play-services-maps:18.0.2] AndroidManifest.xml:33:18-61
39    </queries>
40
41    <uses-feature
41-->[com.google.android.gms:play-services-maps:18.0.2] AndroidManifest.xml:26:5-28:35
42        android:glEsVersion="0x00020000"
42-->[com.google.android.gms:play-services-maps:18.0.2] AndroidManifest.xml:27:9-41
43        android:required="true" />
43-->[com.google.android.gms:play-services-maps:18.0.2] AndroidManifest.xml:28:9-32
44
45    <uses-permission android:name="android.permission.WAKE_LOCK" />
45-->[com.google.android.gms:play-services-measurement:21.2.1] AndroidManifest.xml:25:5-68
45-->[com.google.android.gms:play-services-measurement:21.2.1] AndroidManifest.xml:25:22-65
46    <uses-permission android:name="com.google.android.finsky.permission.BIND_GET_INSTALL_REFERRER_SERVICE" />
46-->[com.google.android.gms:play-services-measurement:21.2.1] AndroidManifest.xml:26:5-110
46-->[com.google.android.gms:play-services-measurement:21.2.1] AndroidManifest.xml:26:22-107
47    <uses-permission android:name="com.google.android.gms.permission.AD_ID" />
47-->[com.google.android.gms:play-services-measurement-api:21.2.1] AndroidManifest.xml:25:5-79
47-->[com.google.android.gms:play-services-measurement-api:21.2.1] AndroidManifest.xml:25:22-76
48
49    <permission
49-->[androidx.core:core:1.9.0] AndroidManifest.xml:22:5-24:47
50        android:name="com.thoughtpearl.conveyance.DYNAMIC_RECEIVER_NOT_EXPORTED_PERMISSION"
50-->[androidx.core:core:1.9.0] AndroidManifest.xml:23:9-81
51        android:protectionLevel="signature" />
51-->[androidx.core:core:1.9.0] AndroidManifest.xml:24:9-44
52
53    <uses-permission android:name="com.thoughtpearl.conveyance.DYNAMIC_RECEIVER_NOT_EXPORTED_PERMISSION" />
53-->[androidx.core:core:1.9.0] AndroidManifest.xml:26:5-97
53-->[androidx.core:core:1.9.0] AndroidManifest.xml:26:22-94
54
55    <application
55-->src/main/AndroidManifest.xml:32:5-139:19
56        android:name="com.thoughtpearl.conveyance.LocationApp"
56-->src/main/AndroidManifest.xml:33:9-36
57        android:allowBackup="true"
57-->src/main/AndroidManifest.xml:34:9-35
58        android:appComponentFactory="androidx.core.app.CoreComponentFactory"
58-->[androidx.core:core:1.9.0] AndroidManifest.xml:28:18-86
59        android:dataExtractionRules="@xml/data_extraction_rules"
59-->src/main/AndroidManifest.xml:35:9-65
60        android:debuggable="true"
61        android:extractNativeLibs="false"
62        android:fullBackupContent="@xml/backup_rules"
62-->src/main/AndroidManifest.xml:36:9-54
63        android:icon="@mipmap/ic_launcher_foreground"
63-->src/main/AndroidManifest.xml:37:9-54
64        android:label="@string/app_name"
64-->src/main/AndroidManifest.xml:38:9-41
65        android:networkSecurityConfig="@xml/network_security_config"
65-->src/main/AndroidManifest.xml:44:9-69
66        android:requestLegacyExternalStorage="true"
66-->src/main/AndroidManifest.xml:39:9-52
67        android:roundIcon="@mipmap/ic_launcher_foreground"
67-->src/main/AndroidManifest.xml:40:9-59
68        android:supportsRtl="true"
68-->src/main/AndroidManifest.xml:41:9-35
69        android:testOnly="true"
70        android:theme="@style/Theme.MyMapApplication"
70-->src/main/AndroidManifest.xml:42:9-54
71        android:usesCleartextTraffic="true" >
71-->src/main/AndroidManifest.xml:43:9-44
72        <activity
72-->src/main/AndroidManifest.xml:46:9-54:20
73            android:name="com.thoughtpearl.conveyance.ui.rides.ridedetails.RideDetailsActivity"
73-->src/main/AndroidManifest.xml:47:13-69
74            android:exported="false"
74-->src/main/AndroidManifest.xml:49:13-37
75            android:label="Ride Details"
75-->src/main/AndroidManifest.xml:48:13-41
76            android:theme="@style/Theme.MyMapApplication.NoActionBar" >
76-->src/main/AndroidManifest.xml:50:13-70
77            <meta-data
77-->src/main/AndroidManifest.xml:51:13-53:36
78                android:name="android.app.lib_name"
78-->src/main/AndroidManifest.xml:52:17-52
79                android:value="" />
79-->src/main/AndroidManifest.xml:53:17-33
80        </activity>
81        <!-- android:authorities="${applicationId}.fileprovider" -->
82        <provider
82-->src/main/AndroidManifest.xml:56:9-64:20
83            android:name="androidx.core.content.FileProvider"
83-->src/main/AndroidManifest.xml:57:13-62
84            android:authorities="com.thoughtpearl.conveyance.fileprovider"
84-->src/main/AndroidManifest.xml:58:13-75
85            android:exported="false"
85-->src/main/AndroidManifest.xml:59:13-37
86            android:grantUriPermissions="true" >
86-->src/main/AndroidManifest.xml:60:13-47
87            <meta-data
87-->src/main/AndroidManifest.xml:61:13-63:54
88                android:name="android.support.FILE_PROVIDER_PATHS"
88-->src/main/AndroidManifest.xml:62:17-67
89                android:resource="@xml/file_paths" />
89-->src/main/AndroidManifest.xml:63:17-51
90        </provider>
91
92        <service
92-->src/main/AndroidManifest.xml:66:9-70:56
93            android:name="com.thoughtpearl.conveyance.services.MyService"
93-->src/main/AndroidManifest.xml:67:13-47
94            android:enabled="true"
94-->src/main/AndroidManifest.xml:68:13-35
95            android:exported="true"
95-->src/main/AndroidManifest.xml:69:13-36
96            android:foregroundServiceType="location" />
96-->src/main/AndroidManifest.xml:70:13-53
97
98        <receiver
98-->src/main/AndroidManifest.xml:72:9-74:20
99            android:name="com.thoughtpearl.conveyance.respository.syncjob.PostLocationReceiver"
99-->src/main/AndroidManifest.xml:72:19-75
100            android:exported="true" >
100-->src/main/AndroidManifest.xml:73:13-36
101        </receiver>
102        <!--
103        <receiver android:name=".GpsStatusChangeReceiver"
104            android:exported="true">
105            <intent-filter>
106                <action android:name="android.location.PROVIDERS_CHANGED" />
107
108                <category android:name="android.intent.category.DEFAULT" />
109            </intent-filter>
110            &lt;!&ndash;<intent-filter>
111                <action android:name="android.location.GPS_ENABLED_CHANGE" />
112                <category android:name="android.intent.category.DEFAULT" />
113            </intent-filter>&ndash;&gt;
114        </receiver>
115        -->
116        <activity
116-->src/main/AndroidManifest.xml:87:9-97:20
117            android:name="com.thoughtpearl.conveyance.ui.navigation.BottomNavigationActivity"
117-->src/main/AndroidManifest.xml:88:13-67
118            android:exported="false"
118-->src/main/AndroidManifest.xml:89:13-37
119            android:label="@string/title_activity_bottom_navigation"
119-->src/main/AndroidManifest.xml:90:13-69
120            android:screenOrientation="portrait"
120-->src/main/AndroidManifest.xml:91:13-49
121            android:taskAffinity=".BottomNavigationActivity"
121-->src/main/AndroidManifest.xml:92:13-61
122            android:theme="@style/Theme.MyMapApplication.NoActionBar" >
122-->src/main/AndroidManifest.xml:93:13-70
123            <meta-data
123-->src/main/AndroidManifest.xml:51:13-53:36
124                android:name="android.app.lib_name"
124-->src/main/AndroidManifest.xml:52:17-52
125                android:value="" />
125-->src/main/AndroidManifest.xml:53:17-33
126        </activity>
127        <!--
128             TODO: Before you run your application, you need a Google Maps API key.
129
130             To get one, follow the directions here:
131
132                https://developers.google.com/maps/documentation/android-sdk/get-api-key
133
134             Once you have your API key (it starts with "AIza"), define a new property in your
135             project's local.properties file (e.g. MAPS_API_KEY=Aiza...), and replace the
136             "YOUR_API_KEY" string in this file with "${MAPS_API_KEY}".AIzaSyBX2GukDvE041RyM6XsRZyvMTwEHuyfhzo
137        -->
138        <meta-data
138-->src/main/AndroidManifest.xml:109:9-111:71
139            android:name="com.google.android.geo.API_KEY"
139-->src/main/AndroidManifest.xml:110:13-58
140            android:value="AIzaSyB2fPtMwYbL1QNDdJDTme1NwACyWQFjg3o" />
140-->src/main/AndroidManifest.xml:111:13-68
141
142        <activity
142-->src/main/AndroidManifest.xml:113:9-119:73
143            android:name="com.thoughtpearl.conveyance.ui.recordride.RecordRideActivity"
143-->src/main/AndroidManifest.xml:114:13-61
144            android:exported="false"
144-->src/main/AndroidManifest.xml:115:13-37
145            android:label="@string/title_activity_maps"
145-->src/main/AndroidManifest.xml:116:13-56
146            android:launchMode="singleTask"
146-->src/main/AndroidManifest.xml:117:13-44
147            android:screenOrientation="portrait"
147-->src/main/AndroidManifest.xml:118:13-49
148            android:theme="@style/Theme.MyMapApplication.NoActionBar" />
148-->src/main/AndroidManifest.xml:119:13-70
149        <activity
149-->src/main/AndroidManifest.xml:120:9-126:73
150            android:name="com.thoughtpearl.conveyance.ui.login.LoginActivity"
150-->src/main/AndroidManifest.xml:121:13-51
151            android:exported="false"
151-->src/main/AndroidManifest.xml:122:13-37
152            android:label="@string/title_activity_maps"
152-->src/main/AndroidManifest.xml:123:13-56
153            android:launchMode="singleTask"
153-->src/main/AndroidManifest.xml:124:13-44
154            android:screenOrientation="portrait"
154-->src/main/AndroidManifest.xml:125:13-49
155            android:theme="@style/Theme.MyMapApplication.NoActionBar" />
155-->src/main/AndroidManifest.xml:126:13-70
156        <activity
156-->src/main/AndroidManifest.xml:127:9-138:20
157            android:name="com.thoughtpearl.conveyance.ui.splashscreen.SplashScreenActivity"
157-->src/main/AndroidManifest.xml:128:13-65
158            android:exported="true"
158-->src/main/AndroidManifest.xml:129:13-36
159            android:label="@string/title_activity_maps"
159-->src/main/AndroidManifest.xml:130:13-56
160            android:screenOrientation="portrait"
160-->src/main/AndroidManifest.xml:131:13-49
161            android:theme="@style/SplashTheme" >
161-->src/main/AndroidManifest.xml:132:13-47
162            <intent-filter>
162-->src/main/AndroidManifest.xml:133:13-137:29
163                <action android:name="android.intent.action.MAIN" />
163-->src/main/AndroidManifest.xml:134:17-69
163-->src/main/AndroidManifest.xml:134:25-66
164
165                <category android:name="android.intent.category.LAUNCHER" />
165-->src/main/AndroidManifest.xml:136:17-77
165-->src/main/AndroidManifest.xml:136:27-74
166            </intent-filter>
167        </activity>
168
169        <service
169-->[androidx.room:room-runtime:2.4.3] AndroidManifest.xml:25:9-28:40
170            android:name="androidx.room.MultiInstanceInvalidationService"
170-->[androidx.room:room-runtime:2.4.3] AndroidManifest.xml:26:13-74
171            android:directBootAware="true"
171-->[androidx.room:room-runtime:2.4.3] AndroidManifest.xml:27:13-43
172            android:exported="false" />
172-->[androidx.room:room-runtime:2.4.3] AndroidManifest.xml:28:13-37
173
174        <activity
174-->[pub.devrel:easypermissions:3.0.0] AndroidManifest.xml:12:9-16:66
175            android:name="pub.devrel.easypermissions.AppSettingsDialogHolderActivity"
175-->[pub.devrel:easypermissions:3.0.0] AndroidManifest.xml:13:13-86
176            android:exported="false"
176-->[pub.devrel:easypermissions:3.0.0] AndroidManifest.xml:14:13-37
177            android:label=""
177-->[pub.devrel:easypermissions:3.0.0] AndroidManifest.xml:15:13-29
178            android:theme="@style/EasyPermissions.Transparent" /> <!-- Needs to be explicitly declared on P+ -->
178-->[pub.devrel:easypermissions:3.0.0] AndroidManifest.xml:16:13-63
179        <uses-library
179-->[com.google.android.gms:play-services-maps:18.0.2] AndroidManifest.xml:39:9-41:40
180            android:name="org.apache.http.legacy"
180-->[com.google.android.gms:play-services-maps:18.0.2] AndroidManifest.xml:40:13-50
181            android:required="false" />
181-->[com.google.android.gms:play-services-maps:18.0.2] AndroidManifest.xml:41:13-37
182
183        <activity
183-->[com.google.android.gms:play-services-base:18.0.1] AndroidManifest.xml:20:9-22:45
184            android:name="com.google.android.gms.common.api.GoogleApiActivity"
184-->[com.google.android.gms:play-services-base:18.0.1] AndroidManifest.xml:20:19-85
185            android:exported="false"
185-->[com.google.android.gms:play-services-base:18.0.1] AndroidManifest.xml:22:19-43
186            android:theme="@android:style/Theme.Translucent.NoTitleBar" />
186-->[com.google.android.gms:play-services-base:18.0.1] AndroidManifest.xml:21:19-78
187
188        <receiver
188-->[com.google.android.gms:play-services-measurement:21.2.1] AndroidManifest.xml:29:9-33:20
189            android:name="com.google.android.gms.measurement.AppMeasurementReceiver"
189-->[com.google.android.gms:play-services-measurement:21.2.1] AndroidManifest.xml:30:13-85
190            android:enabled="true"
190-->[com.google.android.gms:play-services-measurement:21.2.1] AndroidManifest.xml:31:13-35
191            android:exported="false" >
191-->[com.google.android.gms:play-services-measurement:21.2.1] AndroidManifest.xml:32:13-37
192        </receiver>
193
194        <service
194-->[com.google.android.gms:play-services-measurement:21.2.1] AndroidManifest.xml:35:9-38:40
195            android:name="com.google.android.gms.measurement.AppMeasurementService"
195-->[com.google.android.gms:play-services-measurement:21.2.1] AndroidManifest.xml:36:13-84
196            android:enabled="true"
196-->[com.google.android.gms:play-services-measurement:21.2.1] AndroidManifest.xml:37:13-35
197            android:exported="false" />
197-->[com.google.android.gms:play-services-measurement:21.2.1] AndroidManifest.xml:38:13-37
198        <service
198-->[com.google.android.gms:play-services-measurement:21.2.1] AndroidManifest.xml:39:9-43:72
199            android:name="com.google.android.gms.measurement.AppMeasurementJobService"
199-->[com.google.android.gms:play-services-measurement:21.2.1] AndroidManifest.xml:40:13-87
200            android:enabled="true"
200-->[com.google.android.gms:play-services-measurement:21.2.1] AndroidManifest.xml:41:13-35
201            android:exported="false"
201-->[com.google.android.gms:play-services-measurement:21.2.1] AndroidManifest.xml:42:13-37
202            android:permission="android.permission.BIND_JOB_SERVICE" />
202-->[com.google.android.gms:play-services-measurement:21.2.1] AndroidManifest.xml:43:13-69
203        <service
203-->[com.google.android.gms:play-services-measurement-api:21.2.1] AndroidManifest.xml:28:9-34:19
204            android:name="com.google.firebase.components.ComponentDiscoveryService"
204-->[com.google.android.gms:play-services-measurement-api:21.2.1] AndroidManifest.xml:29:13-84
205            android:directBootAware="true"
205-->[com.google.firebase:firebase-common:20.3.2] AndroidManifest.xml:34:13-43
206            android:exported="false" >
206-->[com.google.android.gms:play-services-measurement-api:21.2.1] AndroidManifest.xml:30:13-37
207            <meta-data
207-->[com.google.android.gms:play-services-measurement-api:21.2.1] AndroidManifest.xml:31:13-33:85
208                android:name="com.google.firebase.components:com.google.firebase.analytics.connector.internal.AnalyticsConnectorRegistrar"
208-->[com.google.android.gms:play-services-measurement-api:21.2.1] AndroidManifest.xml:32:17-139
209                android:value="com.google.firebase.components.ComponentRegistrar" />
209-->[com.google.android.gms:play-services-measurement-api:21.2.1] AndroidManifest.xml:33:17-82
210            <meta-data
210-->[com.google.firebase:firebase-crashlytics:18.3.6] AndroidManifest.xml:17:13-19:85
211                android:name="com.google.firebase.components:com.google.firebase.crashlytics.CrashlyticsRegistrar"
211-->[com.google.firebase:firebase-crashlytics:18.3.6] AndroidManifest.xml:18:17-115
212                android:value="com.google.firebase.components.ComponentRegistrar" />
212-->[com.google.firebase:firebase-crashlytics:18.3.6] AndroidManifest.xml:19:17-82
213            <meta-data
213-->[com.google.firebase:firebase-installations:17.1.3] AndroidManifest.xml:17:13-19:85
214                android:name="com.google.firebase.components:com.google.firebase.installations.FirebaseInstallationsRegistrar"
214-->[com.google.firebase:firebase-installations:17.1.3] AndroidManifest.xml:18:17-127
215                android:value="com.google.firebase.components.ComponentRegistrar" />
215-->[com.google.firebase:firebase-installations:17.1.3] AndroidManifest.xml:19:17-82
216        </service>
217
218        <provider
218-->[com.google.firebase:firebase-common:20.3.2] AndroidManifest.xml:25:9-30:39
219            android:name="com.google.firebase.provider.FirebaseInitProvider"
219-->[com.google.firebase:firebase-common:20.3.2] AndroidManifest.xml:26:13-77
220            android:authorities="com.thoughtpearl.conveyance.firebaseinitprovider"
220-->[com.google.firebase:firebase-common:20.3.2] AndroidManifest.xml:27:13-72
221            android:directBootAware="true"
221-->[com.google.firebase:firebase-common:20.3.2] AndroidManifest.xml:28:13-43
222            android:exported="false"
222-->[com.google.firebase:firebase-common:20.3.2] AndroidManifest.xml:29:13-37
223            android:initOrder="100" />
223-->[com.google.firebase:firebase-common:20.3.2] AndroidManifest.xml:30:13-36
224
225        <meta-data
225-->[com.google.android.gms:play-services-basement:18.1.0] AndroidManifest.xml:21:9-23:69
226            android:name="com.google.android.gms.version"
226-->[com.google.android.gms:play-services-basement:18.1.0] AndroidManifest.xml:22:13-58
227            android:value="@integer/google_play_services_version" />
227-->[com.google.android.gms:play-services-basement:18.1.0] AndroidManifest.xml:23:13-66
228
229        <provider
229-->[androidx.emoji2:emoji2:1.2.0] AndroidManifest.xml:24:9-32:20
230            android:name="androidx.startup.InitializationProvider"
230-->[androidx.emoji2:emoji2:1.2.0] AndroidManifest.xml:25:13-67
231            android:authorities="com.thoughtpearl.conveyance.androidx-startup"
231-->[androidx.emoji2:emoji2:1.2.0] AndroidManifest.xml:26:13-68
232            android:exported="false" >
232-->[androidx.emoji2:emoji2:1.2.0] AndroidManifest.xml:27:13-37
233            <meta-data
233-->[androidx.emoji2:emoji2:1.2.0] AndroidManifest.xml:29:13-31:52
234                android:name="androidx.emoji2.text.EmojiCompatInitializer"
234-->[androidx.emoji2:emoji2:1.2.0] AndroidManifest.xml:30:17-75
235                android:value="androidx.startup" />
235-->[androidx.emoji2:emoji2:1.2.0] AndroidManifest.xml:31:17-49
236            <meta-data
236-->[androidx.lifecycle:lifecycle-process:2.4.1] AndroidManifest.xml:31:13-33:52
237                android:name="androidx.lifecycle.ProcessLifecycleInitializer"
237-->[androidx.lifecycle:lifecycle-process:2.4.1] AndroidManifest.xml:32:17-78
238                android:value="androidx.startup" />
238-->[androidx.lifecycle:lifecycle-process:2.4.1] AndroidManifest.xml:33:17-49
239        </provider>
240
241        <uses-library
241-->[androidx.window:window:1.0.0] AndroidManifest.xml:25:9-27:40
242            android:name="androidx.window.extensions"
242-->[androidx.window:window:1.0.0] AndroidManifest.xml:26:13-54
243            android:required="false" />
243-->[androidx.window:window:1.0.0] AndroidManifest.xml:27:13-37
244        <uses-library
244-->[androidx.window:window:1.0.0] AndroidManifest.xml:28:9-30:40
245            android:name="androidx.window.sidecar"
245-->[androidx.window:window:1.0.0] AndroidManifest.xml:29:13-51
246            android:required="false" />
246-->[androidx.window:window:1.0.0] AndroidManifest.xml:30:13-37
247
248        <service
248-->[com.google.android.datatransport:transport-backend-cct:3.1.9] AndroidManifest.xml:28:9-34:19
249            android:name="com.google.android.datatransport.runtime.backends.TransportBackendDiscovery"
249-->[com.google.android.datatransport:transport-backend-cct:3.1.9] AndroidManifest.xml:29:13-103
250            android:exported="false" >
250-->[com.google.android.datatransport:transport-backend-cct:3.1.9] AndroidManifest.xml:30:13-37
251            <meta-data
251-->[com.google.android.datatransport:transport-backend-cct:3.1.9] AndroidManifest.xml:31:13-33:39
252                android:name="backend:com.google.android.datatransport.cct.CctBackendFactory"
252-->[com.google.android.datatransport:transport-backend-cct:3.1.9] AndroidManifest.xml:32:17-94
253                android:value="cct" />
253-->[com.google.android.datatransport:transport-backend-cct:3.1.9] AndroidManifest.xml:33:17-36
254        </service>
255        <service
255-->[com.google.android.datatransport:transport-runtime:3.1.9] AndroidManifest.xml:26:9-30:19
256            android:name="com.google.android.datatransport.runtime.scheduling.jobscheduling.JobInfoSchedulerService"
256-->[com.google.android.datatransport:transport-runtime:3.1.9] AndroidManifest.xml:27:13-117
257            android:exported="false"
257-->[com.google.android.datatransport:transport-runtime:3.1.9] AndroidManifest.xml:28:13-37
258            android:permission="android.permission.BIND_JOB_SERVICE" >
258-->[com.google.android.datatransport:transport-runtime:3.1.9] AndroidManifest.xml:29:13-69
259        </service>
260
261        <receiver
261-->[com.google.android.datatransport:transport-runtime:3.1.9] AndroidManifest.xml:32:9-34:40
262            android:name="com.google.android.datatransport.runtime.scheduling.jobscheduling.AlarmManagerSchedulerBroadcastReceiver"
262-->[com.google.android.datatransport:transport-runtime:3.1.9] AndroidManifest.xml:33:13-132
263            android:exported="false" />
263-->[com.google.android.datatransport:transport-runtime:3.1.9] AndroidManifest.xml:34:13-37
264    </application>
265
266</manifest>